<?xml version="1.0" encoding="UTF-8"?>
<!-- Generated by org.testng.reporters.JUnitReportReporter -->
<testsuite hostname="LAPTOP-PGKL6BCQ" failures="0" tests="1" name="MainTestRunner.TestNgRunner" time="19.999" errors="0" timestamp="05 Nov 2023 21:06:15 GMT" skipped="0">
  <testcase classname="MainTestRunner.TestNgRunner" name="runScenario" time="19.999"/>
</testsuite> <!-- MainTestRunner.TestNgRunner -->
